c:\users\flaco\desktop\progra\progra 1 segunda\proyecto de progra i\project1\project1\debug\vc141.pdb
c:\users\flaco\desktop\progra\progra 1 segunda\proyecto de progra i\project1\project1\debug\vc141.idb
c:\users\flaco\desktop\progra\progra 1 segunda\proyecto de progra i\project1\project1\debug\vuelosgestion.obj
c:\users\flaco\desktop\progra\progra 1 segunda\proyecto de progra i\project1\project1\debug\vuelos.obj
c:\users\flaco\desktop\progra\progra 1 segunda\proyecto de progra i\project1\project1\debug\tiquete.obj
c:\users\flaco\desktop\progra\progra 1 segunda\proyecto de progra i\project1\project1\debug\rutasgestion.obj
c:\users\flaco\desktop\progra\progra 1 segunda\proyecto de progra i\project1\project1\debug\rutas.obj
c:\users\flaco\desktop\progra\progra 1 segunda\proyecto de progra i\project1\project1\debug\persona.obj
c:\users\flaco\desktop\progra\progra 1 segunda\proyecto de progra i\project1\project1\debug\main.obj
c:\users\flaco\desktop\progra\progra 1 segunda\proyecto de progra i\project1\project1\debug\interfaz.obj
c:\users\flaco\desktop\progra\progra 1 segunda\proyecto de progra i\project1\project1\debug\flotagestion.obj
c:\users\flaco\desktop\progra\progra 1 segunda\proyecto de progra i\project1\project1\debug\control.obj
c:\users\flaco\desktop\progra\progra 1 segunda\proyecto de progra i\project1\project1\debug\avion.obj
c:\users\flaco\desktop\progra\progra 1 segunda\proyecto de progra i\project1\debug\project1.ilk
c:\users\flaco\desktop\progra\progra 1 segunda\proyecto de progra i\project1\debug\project1.exe
c:\users\flaco\desktop\progra\progra 1 segunda\proyecto de progra i\project1\debug\project1.pdb
c:\users\flaco\desktop\progra\progra 1 segunda\proyecto de progra i\project1\project1\debug\project1.tlog\cl.command.1.tlog
c:\users\flaco\desktop\progra\progra 1 segunda\proyecto de progra i\project1\project1\debug\project1.tlog\cl.read.1.tlog
c:\users\flaco\desktop\progra\progra 1 segunda\proyecto de progra i\project1\project1\debug\project1.tlog\cl.write.1.tlog
c:\users\flaco\desktop\progra\progra 1 segunda\proyecto de progra i\project1\project1\debug\project1.tlog\link.command.1.tlog
c:\users\flaco\desktop\progra\progra 1 segunda\proyecto de progra i\project1\project1\debug\project1.tlog\link.read.1.tlog
c:\users\flaco\desktop\progra\progra 1 segunda\proyecto de progra i\project1\project1\debug\project1.tlog\link.write.1.tlog
